<?xml version="1.0" encoding="UTF-8"?>
<!-- Generated by org.testng.reporters.JUnitReportReporter -->
<testsuite skipped="0" hostname="CG-DTE-Student" name="practice.A" tests="1" failures="0" timestamp="06 May 2020 14:10:20 GMT" time="0.076" errors="0">
  <testcase name="one" time="0.076" classname="practice.A"/>
</testsuite> <!-- practice.A -->
