<?xml version="1.0" encoding="UTF-8"?>
<!-- Generated by org.testng.reporters.JUnitReportReporter -->
<testsuite skipped="0" hostname="CG-DTE-Student" name="practice.A" tests="1" failures="0" timestamp="2020-05-06T19:18:38 IST" time="17.475" errors="0">
  <testcase name="testting" time="17.475" classname="practice.A"/>
  <system-out/>
</testsuite> <!-- practice.A -->
