<?xml version="1.0" encoding="UTF-8"?>
<!-- Generated by org.testng.reporters.JUnitReportReporter -->
<testsuite skipped="0" hostname="CG-DTE-Student" name="practice.TestDemo" tests="1" failures="0" timestamp="2020-05-06T18:55:21 IST" time="22.375" errors="0">
  <testcase name="test1" time="22.375" classname="practice.TestDemo"/>
  <system-out/>
</testsuite> <!-- practice.TestDemo -->
