<?xml version="1.0" encoding="UTF-8"?>
<!-- Generated by org.testng.reporters.JUnitReportReporter -->
<testsuite skipped="0" hostname="CG-DTE-Student" name="addToCartTest.VerifyPriceAfterpurchase" tests="1" failures="0" timestamp="2020-05-07T00:43:23 IST" time="57.121" errors="0">
  <testcase name="verifyPrice" time="57.121" classname="addToCartTest.VerifyPriceAfterpurchase"/>
  <system-out/>
</testsuite> <!-- addToCartTest.VerifyPriceAfterpurchase -->
