<?xml version="1.0" encoding="UTF-8"?>
<!-- Generated by org.testng.reporters.JUnitReportReporter -->
<testsuite skipped="0" hostname="CG-DTE-Student" name="excel.CreateExcelSheet" tests="1" failures="0" timestamp="2020-05-06T21:16:58 IST" time="3.243" errors="0">
  <testcase name="getExcelData" time="3.243" classname="excel.CreateExcelSheet"/>
  <system-out/>
</testsuite> <!-- excel.CreateExcelSheet -->
