<?xml version="1.0" encoding="UTF-8"?>
<!-- Generated by org.testng.reporters.JUnitReportReporter -->
<testsuite skipped="0" hostname="CG-DTE-Student" name="registration.RegTest" tests="1" failures="0" timestamp="2020-05-06T23:30:53 IST" time="31.308" errors="0">
  <testcase name="registartion" time="31.308" classname="registration.RegTest"/>
  <system-out/>
</testsuite> <!-- registration.RegTest -->
